<?xml version="1.0" encoding="UTF-8"?>
<!-- Generated by org.testng.reporters.JUnitXMLReporter -->
<testsuite ignored="0" hostname="DALE-TEST082" failures="1" tests="1" name="LoginAndSearch(failed)" time="14.464" errors="0" timestamp="2022-04-14T16:57:41 CEST">
  <testcase classname="com.perigon.tests.TC_02_SearchCustomer" name="searchFirstCustomer" time="13.514">
    <failure type="java.lang.AssertionError">
      <![CDATA[java.lang.AssertionError
at org.junit.Assert.fail(Assert.java:87)
at org.junit.Assert.assertTrue(Assert.java:42)
at org.junit.Assert.assertTrue(Assert.java:53)
at com.perigon.tests.TC_02_SearchCustomer.searchFirstCustomer(TC_02_SearchCustomer.java:73)
at java.base/java.util.ArrayList.forEach(ArrayList.java:1511)
at com.perigon.retryexecution.FailedTestsExecutor.runFailedXml(FailedTestsExecutor.java:19)
... Removed 43 stack frames]]>
    </failure>
  </testcase> <!-- searchFirstCustomer -->
</testsuite> <!-- LoginAndSearch(failed) -->
